<?xml version="1.0" encoding="UTF-8"?>
<testsuite name="com.cognizant.labs.ApplicationIT" tests="1" skipped="0" failures="0" errors="0" timestamp="2019-08-28T21:58:38" hostname="DESKTOP-IFKHLR1" time="0.072">
  <properties/>
  <testcase name="test" classname="com.cognizant.labs.ApplicationIT" time="0.072"/>
  <system-out><![CDATA[2019-08-28 17:58:32.443  INFO   --- [    Test worker] .b.t.c.SpringBootTestContextBootstrapper : Neither @ContextConfiguration nor @ContextHierarchy found for test class [com.cognizant.labs.ApplicationIT], using SpringBootContextLoader
2019-08-28 17:58:32.461  INFO   --- [    Test worker] o.s.t.c.support.AbstractContextLoader    : Could not detect default resource locations for test class [com.cognizant.labs.ApplicationIT]: no resource found for suffixes {-context.xml, Context.groovy}.
2019-08-28 17:58:32.463  INFO   --- [    Test worker] t.c.s.AnnotationConfigContextLoaderUtils : Could not detect default configuration classes for test class [com.cognizant.labs.ApplicationIT]: ApplicationIT does not declare any static, non-private, non-final, nested classes annotated with @Configuration.
2019-08-28 17:58:32.592  INFO   --- [    Test worker] .b.t.c.SpringBootTestContextBootstrapper : Found @SpringBootConfiguration com.cognizant.labs.Application for test class com.cognizant.labs.ApplicationIT
2019-08-28 17:58:32.719  INFO   --- [    Test worker] .b.t.c.SpringBootTestContextBootstrapper : Loaded default TestExecutionListener class names from location [META-INF/spring.factories]: [org.springframework.boot.test.autoconfigure.restdocs.RestDocsTestExecutionListener, org.springframework.boot.test.autoconfigure.web.client.MockRestServiceServerResetTestExecutionListener, org.springframework.boot.test.autoconfigure.web.servlet.MockMvcPrintOnlyOnFailureTestExecutionListener, org.springframework.boot.test.autoconfigure.web.servlet.WebDriverTestExecutionListener, org.springframework.boot.test.mock.mockito.MockitoTestExecutionListener, org.springframework.boot.test.mock.mockito.ResetMocksTestExecutionListener, org.springframework.test.context.web.ServletTestExecutionListener, org.springframework.test.context.support.DirtiesContextBeforeModesTestExecutionListener, org.springframework.test.context.support.DependencyInjectionTestExecutionListener, org.springframework.test.context.support.DirtiesContextTestExecutionListener, org.springframework.test.context.transaction.TransactionalTestExecutionListener, org.springframework.test.context.jdbc.SqlScriptsTestExecutionListener]
2019-08-28 17:58:32.740  INFO   --- [    Test worker] .b.t.c.SpringBootTestContextBootstrapper : Using TestExecutionListeners: [org.springframework.test.context.web.ServletTestExecutionListener@7b933b42, org.springframework.test.context.support.DirtiesContextBeforeModesTestExecutionListener@46a1187b, org.springframework.boot.test.mock.mockito.MockitoTestExecutionListener@50c11557, org.springframework.boot.test.autoconfigure.SpringBootDependencyInjectionTestExecutionListener@31c2dd36, org.springframework.test.context.support.DirtiesContextTestExecutionListener@53e9a967, org.springframework.test.context.transaction.TransactionalTestExecutionListener@1dc511a1, org.springframework.test.context.jdbc.SqlScriptsTestExecutionListener@45f6c4e3, org.springframework.boot.test.autoconfigure.restdocs.RestDocsTestExecutionListener@627a9a06, org.springframework.boot.test.autoconfigure.web.client.MockRestServiceServerResetTestExecutionListener@7c46a5bf, org.springframework.boot.test.autoconfigure.web.servlet.MockMvcPrintOnlyOnFailureTestExecutionListener@49bbeb8f, org.springframework.boot.test.autoconfigure.web.servlet.WebDriverTestExecutionListener@3a19ef87, org.springframework.boot.test.mock.mockito.ResetMocksTestExecutionListener@c05e868]

  .   ____          _            __ _ _
 /\\ / ___'_ __ _ _(_)_ __  __ _ \ \ \ \
( ( )\___ | '_ | '_| | '_ \/ _` | \ \ \ \
 \\/  ___)| |_)| | | | | || (_| |  ) ) ) )
  '  |____| .__|_| |_|_| |_\__, | / / / /
 =========|_|==============|___/=/_/_/_/
 :: Spring Boot ::        (v2.1.1.RELEASE)

2019-08-28 17:58:33.136  INFO 22700 --- [    Test worker] com.cognizant.labs.ApplicationIT         : Starting ApplicationIT on DESKTOP-IFKHLR1 with PID 22700 (started by pjd19 in C:\Users\pjd19\projects\enablementorium-backend)
2019-08-28 17:58:33.137  INFO 22700 --- [    Test worker] com.cognizant.labs.ApplicationIT         : The following profiles are active: test
2019-08-28 17:58:34.006  INFO 22700 --- [    Test worker] .s.d.r.c.RepositoryConfigurationDelegate : Bootstrapping Spring Data repositories in DEFAULT mode.
2019-08-28 17:58:34.093  INFO 22700 --- [    Test worker] .s.d.r.c.RepositoryConfigurationDelegate : Finished Spring Data repository scanning in 76ms. Found 2 repository interfaces.
2019-08-28 17:58:34.579  INFO 22700 --- [    Test worker] trationDelegate$BeanPostProcessorChecker : Bean 'org.springframework.transaction.annotation.ProxyTransactionManagementConfiguration' of type [org.springframework.transaction.annotation.ProxyTransactionManagementConfiguration$$EnhancerBySpringCGLIB$$cff59529] is not eligible for getting processed by all BeanPostProcessors (for example: not eligible for auto-proxying)
2019-08-28 17:58:34.622  INFO 22700 --- [    Test worker] trationDelegate$BeanPostProcessorChecker : Bean 'org.springframework.hateoas.config.HateoasConfiguration' of type [org.springframework.hateoas.config.HateoasConfiguration$$EnhancerBySpringCGLIB$$4f75e25b] is not eligible for getting processed by all BeanPostProcessors (for example: not eligible for auto-proxying)
2019-08-28 17:58:34.872  INFO 22700 --- [    Test worker] com.zaxxer.hikari.HikariDataSource       : HikariPool-1 - Starting...
2019-08-28 17:58:35.014  INFO 22700 --- [    Test worker] com.zaxxer.hikari.HikariDataSource       : HikariPool-1 - Start completed.
2019-08-28 17:58:35.111  INFO 22700 --- [    Test worker] o.hibernate.jpa.internal.util.LogHelper  : HHH000204: Processing PersistenceUnitInfo [
	name: default
	...]
2019-08-28 17:58:35.207  INFO 22700 --- [    Test worker] org.hibernate.Version                    : HHH000412: Hibernate Core {5.3.7.Final}
2019-08-28 17:58:35.209  INFO 22700 --- [    Test worker] org.hibernate.cfg.Environment            : HHH000206: hibernate.properties not found
2019-08-28 17:58:35.390  INFO 22700 --- [    Test worker] o.hibernate.annotations.common.Version   : HCANN000001: Hibernate Commons Annotations {5.0.4.Final}
2019-08-28 17:58:35.565  INFO 22700 --- [    Test worker] org.hibernate.dialect.Dialect            : HHH000400: Using dialect: org.hibernate.dialect.H2Dialect
2019-08-28 17:58:36.299  INFO 22700 --- [    Test worker] o.h.t.schema.internal.SchemaCreatorImpl  : HHH000476: Executing import script 'org.hibernate.tool.schema.internal.exec.ScriptSourceInputNonExistentImpl@1dc89dcd'
2019-08-28 17:58:36.303  INFO 22700 --- [    Test worker] j.LocalContainerEntityManagerFactoryBean : Initialized JPA EntityManagerFactory for persistence unit 'default'
2019-08-28 17:58:37.328  WARN 22700 --- [    Test worker] aWebConfiguration$JpaWebMvcConfiguration : spring.jpa.open-in-view is enabled by default. Therefore, database queries may be performed during view rendering. Explicitly configure spring.jpa.open-in-view to disable this warning
2019-08-28 17:58:38.472  INFO 22700 --- [    Test worker] com.cognizant.labs.ApplicationIT         : Started ApplicationIT in 5.687 seconds (JVM running for 7.22)
]]></system-out>
  <system-err><![CDATA[]]></system-err>
</testsuite>
