<?xml version="1.0" encoding="UTF-8"?>
<testsuite name="com.cognizant.labs.ApplicationTest" tests="1" skipped="0" failures="0" errors="0" timestamp="2019-08-28T21:58:46" hostname="DESKTOP-IFKHLR1" time="0.068">
  <properties/>
  <testcase name="test" classname="com.cognizant.labs.ApplicationTest" time="0.068"/>
  <system-out><![CDATA[2019-08-28 17:58:40.066  INFO   --- [    Test worker] .b.t.c.SpringBootTestContextBootstrapper : Neither @ContextConfiguration nor @ContextHierarchy found for test class [com.cognizant.labs.ApplicationTest], using SpringBootContextLoader
2019-08-28 17:58:40.084  INFO   --- [    Test worker] o.s.t.c.support.AbstractContextLoader    : Could not detect default resource locations for test class [com.cognizant.labs.ApplicationTest]: no resource found for suffixes {-context.xml, Context.groovy}.
2019-08-28 17:58:40.085  INFO   --- [    Test worker] t.c.s.AnnotationConfigContextLoaderUtils : Could not detect default configuration classes for test class [com.cognizant.labs.ApplicationTest]: ApplicationTest does not declare any static, non-private, non-final, nested classes annotated with @Configuration.
2019-08-28 17:58:40.202  INFO   --- [    Test worker] .b.t.c.SpringBootTestContextBootstrapper : Found @SpringBootConfiguration com.cognizant.labs.Application for test class com.cognizant.labs.ApplicationTest
2019-08-28 17:58:40.327  INFO   --- [    Test worker] .b.t.c.SpringBootTestContextBootstrapper : Loaded default TestExecutionListener class names from location [META-INF/spring.factories]: [org.springframework.boot.test.autoconfigure.restdocs.RestDocsTestExecutionListener, org.springframework.boot.test.autoconfigure.web.client.MockRestServiceServerResetTestExecutionListener, org.springframework.boot.test.autoconfigure.web.servlet.MockMvcPrintOnlyOnFailureTestExecutionListener, org.springframework.boot.test.autoconfigure.web.servlet.WebDriverTestExecutionListener, org.springframework.boot.test.mock.mockito.MockitoTestExecutionListener, org.springframework.boot.test.mock.mockito.ResetMocksTestExecutionListener, org.springframework.test.context.web.ServletTestExecutionListener, org.springframework.test.context.support.DirtiesContextBeforeModesTestExecutionListener, org.springframework.test.context.support.DependencyInjectionTestExecutionListener, org.springframework.test.context.support.DirtiesContextTestExecutionListener, org.springframework.test.context.transaction.TransactionalTestExecutionListener, org.springframework.test.context.jdbc.SqlScriptsTestExecutionListener]
2019-08-28 17:58:40.347  INFO   --- [    Test worker] .b.t.c.SpringBootTestContextBootstrapper : Using TestExecutionListeners: [org.springframework.test.context.web.ServletTestExecutionListener@6d67c212, org.springframework.test.context.support.DirtiesContextBeforeModesTestExecutionListener@6e2fc50b, org.springframework.boot.test.mock.mockito.MockitoTestExecutionListener@16403e1d, org.springframework.boot.test.autoconfigure.SpringBootDependencyInjectionTestExecutionListener@70260cfd, org.springframework.test.context.support.DirtiesContextTestExecutionListener@238227b9, org.springframework.test.context.transaction.TransactionalTestExecutionListener@3315a95f, org.springframework.test.context.jdbc.SqlScriptsTestExecutionListener@24b2c9f6, org.springframework.boot.test.autoconfigure.restdocs.RestDocsTestExecutionListener@64b36879, org.springframework.boot.test.autoconfigure.web.client.MockRestServiceServerResetTestExecutionListener@56be34b9, org.springframework.boot.test.autoconfigure.web.servlet.MockMvcPrintOnlyOnFailureTestExecutionListener@487f2060, org.springframework.boot.test.autoconfigure.web.servlet.WebDriverTestExecutionListener@7a30ade0, org.springframework.boot.test.mock.mockito.ResetMocksTestExecutionListener@53fe27f]

  .   ____          _            __ _ _
 /\\ / ___'_ __ _ _(_)_ __  __ _ \ \ \ \
( ( )\___ | '_ | '_| | '_ \/ _` | \ \ \ \
 \\/  ___)| |_)| | | | | || (_| |  ) ) ) )
  '  |____| .__|_| |_|_| |_\__, | / / / /
 =========|_|==============|___/=/_/_/_/
 :: Spring Boot ::        (v2.1.1.RELEASE)

2019-08-28 17:58:40.717  INFO 19116 --- [    Test worker] com.cognizant.labs.ApplicationTest       : Starting ApplicationTest on DESKTOP-IFKHLR1 with PID 19116 (started by pjd19 in C:\Users\pjd19\projects\enablementorium-backend)
2019-08-28 17:58:40.718  INFO 19116 --- [    Test worker] com.cognizant.labs.ApplicationTest       : No active profile set, falling back to default profiles: default
2019-08-28 17:58:41.612  INFO 19116 --- [    Test worker] .s.d.r.c.RepositoryConfigurationDelegate : Bootstrapping Spring Data repositories in DEFAULT mode.
2019-08-28 17:58:41.702  INFO 19116 --- [    Test worker] .s.d.r.c.RepositoryConfigurationDelegate : Finished Spring Data repository scanning in 80ms. Found 2 repository interfaces.
2019-08-28 17:58:42.201  INFO 19116 --- [    Test worker] trationDelegate$BeanPostProcessorChecker : Bean 'org.springframework.transaction.annotation.ProxyTransactionManagementConfiguration' of type [org.springframework.transaction.annotation.ProxyTransactionManagementConfiguration$$EnhancerBySpringCGLIB$$b4403b99] is not eligible for getting processed by all BeanPostProcessors (for example: not eligible for auto-proxying)
2019-08-28 17:58:42.248  INFO 19116 --- [    Test worker] trationDelegate$BeanPostProcessorChecker : Bean 'org.springframework.hateoas.config.HateoasConfiguration' of type [org.springframework.hateoas.config.HateoasConfiguration$$EnhancerBySpringCGLIB$$33c088cb] is not eligible for getting processed by all BeanPostProcessors (for example: not eligible for auto-proxying)
2019-08-28 17:58:42.480  INFO 19116 --- [    Test worker] com.zaxxer.hikari.HikariDataSource       : HikariPool-1 - Starting...
2019-08-28 17:58:42.621  INFO 19116 --- [    Test worker] com.zaxxer.hikari.HikariDataSource       : HikariPool-1 - Start completed.
2019-08-28 17:58:42.726  INFO 19116 --- [    Test worker] o.hibernate.jpa.internal.util.LogHelper  : HHH000204: Processing PersistenceUnitInfo [
	name: default
	...]
2019-08-28 17:58:42.822  INFO 19116 --- [    Test worker] org.hibernate.Version                    : HHH000412: Hibernate Core {5.3.7.Final}
2019-08-28 17:58:42.824  INFO 19116 --- [    Test worker] org.hibernate.cfg.Environment            : HHH000206: hibernate.properties not found
2019-08-28 17:58:43.005  INFO 19116 --- [    Test worker] o.hibernate.annotations.common.Version   : HCANN000001: Hibernate Commons Annotations {5.0.4.Final}
2019-08-28 17:58:43.189  INFO 19116 --- [    Test worker] org.hibernate.dialect.Dialect            : HHH000400: Using dialect: org.hibernate.dialect.H2Dialect
2019-08-28 17:58:43.941  INFO 19116 --- [    Test worker] o.h.t.schema.internal.SchemaCreatorImpl  : HHH000476: Executing import script 'org.hibernate.tool.schema.internal.exec.ScriptSourceInputNonExistentImpl@63bd815'
2019-08-28 17:58:43.946  INFO 19116 --- [    Test worker] j.LocalContainerEntityManagerFactoryBean : Initialized JPA EntityManagerFactory for persistence unit 'default'
2019-08-28 17:58:44.962  WARN 19116 --- [    Test worker] aWebConfiguration$JpaWebMvcConfiguration : spring.jpa.open-in-view is enabled by default. Therefore, database queries may be performed during view rendering. Explicitly configure spring.jpa.open-in-view to disable this warning
2019-08-28 17:58:46.139  INFO 19116 --- [    Test worker] com.cognizant.labs.ApplicationTest       : Started ApplicationTest in 5.756 seconds (JVM running for 7.279)
]]></system-out>
  <system-err><![CDATA[]]></system-err>
</testsuite>
